Using pre-set license
Built from '2020.3/staging' branch; Version is '2020.3.11f1 (99c7afb366b3) revision 10078127'; Using compiler version '192528614'; Build Type 'Release'
OS: 'Windows 10 Pro; OS build 19042.1052; Version 2009; 64bit' Language: 'en' Physical Memory: 16281 MB
BatchMode: 1, IsHumanControllingUs: 0, StartBugReporterOnCrash: 0, Is64bit: 1, IsPro: 0

 COMMAND LINE ARGUMENTS:
C:\Program Files\Unity\Hub\Editor\2020.3.11f1\Editor\Unity.exe
-adb2
-batchMode
-noUpm
-name
AssetImportWorker0
-projectPath
C:/Users/User/source/repos/Unity/Unity Menu UI
-logFile
Logs/AssetImportWorker0.log
-srvPort
62012
Successfully changed project path to: C:/Users/User/source/repos/Unity/Unity Menu UI
C:/Users/User/source/repos/Unity/Unity Menu UI
Using Asset Import Pipeline V2.
Refreshing native plugins compatible for Editor in 52.71 ms, found 3 plugins.
Preloading 0 native plugins for Editor in 0.00 ms.
Initialize engine version: 2020.3.11f1 (99c7afb366b3)
[Subsystems] Discovering subsystems at path C:/Program Files/Unity/Hub/Editor/2020.3.11f1/Editor/Data/Resources/UnitySubsystems
[Subsystems] Discovering subsystems at path C:/Users/User/source/repos/Unity/Unity Menu UI/Assets
GfxDevice: creating device client; threaded=0
Direct3D:
    Version:  Direct3D 11.0 [level 11.1]
    Renderer: AMD Radeon HD 8750M (ID=0x6601)
    Vendor:   
    VRAM:     1004 MB
    Driver:   26.20.11024.4001
Initialize mono
Mono path[0] = 'C:/Program Files/Unity/Hub/Editor/2020.3.11f1/Editor/Data/Managed'
Mono path[1] = 'C:/Program Files/Unity/Hub/Editor/2020.3.11f1/Editor/Data/MonoBleedingEdge/lib/mono/unityjit'
Mono config path = 'C:/Program Files/Unity/Hub/Editor/2020.3.11f1/Editor/Data/MonoBleedingEdge/etc'
Using monoOptions --debugger-agent=transport=dt_socket,embedding=1,server=y,suspend=n,address=127.0.0.1:56200
Begin MonoManager ReloadAssembly
Registering precompiled unity dll's ...
Register platform support module: C:/Program Files/Unity/Hub/Editor/2020.3.11f1/Editor/Data/PlaybackEngines/WebGLSupport/UnityEditor.WebGL.Extensions.dll
Register platform support module: C:/Program Files/Unity/Hub/Editor/2020.3.11f1/Editor/Data/PlaybackEngines/WindowsStandaloneSupport/UnityEditor.WindowsStandalone.Extensions.dll
Registered in 0.003701 seconds.
Native extension for WindowsStandalone target not found
Native extension for WebGL target not found
Refreshing native plugins compatible for Editor in 62.18 ms, found 3 plugins.
Preloading 0 native plugins for Editor in 0.00 ms.
Mono: successfully reloaded assembly
- Completed reload, in  1.847 seconds
Platform modules already initialized, skipping
Registering precompiled user dll's ...
Registered in 0.006672 seconds.
Begin MonoManager ReloadAssembly
Native extension for WindowsStandalone target not found
Native extension for WebGL target not found
Refreshing native plugins compatible for Editor in 52.16 ms, found 3 plugins.
Preloading 0 native plugins for Editor in 0.00 ms.
Mono: successfully reloaded assembly
- Completed reload, in  2.580 seconds
Platform modules already initialized, skipping
========================================================================
Worker process is ready to serve import requests
Launched and connected shader compiler UnityShaderCompiler.exe after 0.08 seconds
Refreshing native plugins compatible for Editor in 0.67 ms, found 3 plugins.
Preloading 0 native plugins for Editor in 0.00 ms.
Unloading 2080 Unused Serialized files (Serialized files now loaded: 0)
System memory in use before: 93.1 MB.
System memory in use after: 93.1 MB.

Unloading 33 unused Assets to reduce memory usage. Loaded Objects now: 2515.
Total: 3.594900 ms (FindLiveObjects: 0.325300 ms CreateObjectMapping: 0.240100 ms MarkObjects: 2.854000 ms  DeleteObjects: 0.173300 ms)

========================================================================
Received Import Request.
  path: Assets/Animation/MainMenu 1.controller
  artifactKey: Guid(10b9c6125d0cf454a9d82f58ab4da662) Importer(815301076,1909f56bfc062723c751e8b465ee728b)
Start importing Assets/Animation/MainMenu 1.controller using Guid(10b9c6125d0cf454a9d82f58ab4da662) Importer(815301076,1909f56bfc062723c751e8b465ee728b)  -> (artifact id: '5452cf01f1b2fe7b9986c0a48fe207d2') in 0.053724 seconds
  Import took 0.059366 seconds .

========================================================================
Received Import Request.
  Time since last request: 0.000336 seconds.
  path: Assets/Animation/MainMenu.controller
  artifactKey: Guid(d453a2d8843bdce409b7e04e4ae452df) Importer(815301076,1909f56bfc062723c751e8b465ee728b)
Start importing Assets/Animation/MainMenu.controller using Guid(d453a2d8843bdce409b7e04e4ae452df) Importer(815301076,1909f56bfc062723c751e8b465ee728b)  -> (artifact id: '58984de6e29eca71719a1c73d086539a') in 0.014873 seconds
  Import took 0.020254 seconds .

========================================================================
Received Import Request.
  Time since last request: 0.000267 seconds.
  path: Assets/Animation/MainMenuOpen.anim
  artifactKey: Guid(30091f6070d83b247acbf06937eaf1f1) Importer(815301076,1909f56bfc062723c751e8b465ee728b)
Start importing Assets/Animation/MainMenuOpen.anim using Guid(30091f6070d83b247acbf06937eaf1f1) Importer(815301076,1909f56bfc062723c751e8b465ee728b)  -> (artifact id: '8967dab725aae7b20119100d8e40d62d') in 0.018666 seconds
  Import took 0.024965 seconds .

========================================================================
Received Import Request.
  Time since last request: 10.144815 seconds.
  path: Assets/Animation/MainMenuOpen.anim
  artifactKey: Guid(30091f6070d83b247acbf06937eaf1f1) Importer(815301076,1909f56bfc062723c751e8b465ee728b)
Start importing Assets/Animation/MainMenuOpen.anim using Guid(30091f6070d83b247acbf06937eaf1f1) Importer(815301076,1909f56bfc062723c751e8b465ee728b)  -> (artifact id: 'cb19c7a2e7615211c5e2449b3177fe56') in 0.013341 seconds
  Import took 0.023635 seconds .

========================================================================
Received Prepare
Registering precompiled user dll's ...
Registered in 0.006067 seconds.
Begin MonoManager ReloadAssembly
Native extension for WindowsStandalone target not found
Native extension for WebGL target not found
Refreshing native plugins compatible for Editor in 0.57 ms, found 3 plugins.
Preloading 0 native plugins for Editor in 0.00 ms.
Mono: successfully reloaded assembly
- Completed reload, in  1.516 seconds
Platform modules already initialized, skipping
Refreshing native plugins compatible for Editor in 0.54 ms, found 3 plugins.
Preloading 0 native plugins for Editor in 0.00 ms.
Unloading 2075 Unused Serialized files (Serialized files now loaded: 0)
System memory in use before: 93.1 MB.
System memory in use after: 93.1 MB.

Unloading 21 unused Assets to reduce memory usage. Loaded Objects now: 2519.
Total: 3.204200 ms (FindLiveObjects: 0.274800 ms CreateObjectMapping: 0.110400 ms MarkObjects: 2.682100 ms  DeleteObjects: 0.135500 ms)

========================================================================
Received Prepare
Registering precompiled user dll's ...
Registered in 0.005697 seconds.
Begin MonoManager ReloadAssembly
Native extension for WindowsStandalone target not found
Native extension for WebGL target not found
Refreshing native plugins compatible for Editor in 0.83 ms, found 3 plugins.
Preloading 0 native plugins for Editor in 0.00 ms.
Mono: successfully reloaded assembly
- Completed reload, in  2.346 seconds
Platform modules already initialized, skipping
Refreshing native plugins compatible for Editor in 0.64 ms, found 3 plugins.
Preloading 0 native plugins for Editor in 0.00 ms.
Unloading 2075 Unused Serialized files (Serialized files now loaded: 0)
System memory in use before: 93.1 MB.
System memory in use after: 93.1 MB.

Unloading 21 unused Assets to reduce memory usage. Loaded Objects now: 2523.
Total: 4.369700 ms (FindLiveObjects: 0.298300 ms CreateObjectMapping: 0.111300 ms MarkObjects: 3.763000 ms  DeleteObjects: 0.194900 ms)

========================================================================
Received Import Request.
  Time since last request: 178.212407 seconds.
  path: Assets/Scripts
  artifactKey: Guid(af2c39857fb177b409fbede9e8f3f5c8) Importer(815301076,1909f56bfc062723c751e8b465ee728b)
Start importing Assets/Scripts using Guid(af2c39857fb177b409fbede9e8f3f5c8) Importer(815301076,1909f56bfc062723c751e8b465ee728b)  -> (artifact id: 'cd10afd5e5818dca9673524d0a8d17cf') in 0.025672 seconds
  Import took 0.033764 seconds .

========================================================================
Received Import Request.
  Time since last request: 0.001149 seconds.
  path: Assets/Scripts
  artifactKey: Guid(af2c39857fb177b409fbede9e8f3f5c8) Importer(815301076,1909f56bfc062723c751e8b465ee728b)
Start importing Assets/Scripts using Guid(af2c39857fb177b409fbede9e8f3f5c8) Importer(815301076,1909f56bfc062723c751e8b465ee728b)  -> (artifact id: 'cd10afd5e5818dca9673524d0a8d17cf') in 0.005757 seconds
  Import took 0.015657 seconds .

========================================================================
Received Import Request.
  Time since last request: 27.829445 seconds.
  path: Assets/Scripts/Menu.cs
  artifactKey: Guid(f4507b15b4f6a9f4a86146526204e73d) Importer(815301076,1909f56bfc062723c751e8b465ee728b)
Start importing Assets/Scripts/Menu.cs using Guid(f4507b15b4f6a9f4a86146526204e73d) Importer(815301076,1909f56bfc062723c751e8b465ee728b)  -> (artifact id: '569bf67a2d4caccd22795d60348d3314') in 0.039558 seconds
  Import took 0.046005 seconds .

========================================================================
Received Prepare
Registering precompiled user dll's ...
Registered in 0.011173 seconds.
Begin MonoManager ReloadAssembly
Native extension for WindowsStandalone target not found
Native extension for WebGL target not found
Refreshing native plugins compatible for Editor in 2.01 ms, found 3 plugins.
Preloading 0 native plugins for Editor in 0.00 ms.
Mono: successfully reloaded assembly
- Completed reload, in  2.745 seconds
Platform modules already initialized, skipping
Refreshing native plugins compatible for Editor in 0.60 ms, found 3 plugins.
Preloading 0 native plugins for Editor in 0.00 ms.
Unloading 2076 Unused Serialized files (Serialized files now loaded: 0)
System memory in use before: 93.2 MB.
System memory in use after: 93.2 MB.

Unloading 21 unused Assets to reduce memory usage. Loaded Objects now: 2528.
Total: 3.424800 ms (FindLiveObjects: 0.312800 ms CreateObjectMapping: 0.230800 ms MarkObjects: 2.740000 ms  DeleteObjects: 0.139600 ms)

========================================================================
Received Import Request.
  Time since last request: 1119.687978 seconds.
  path: Assets/Scripts/MenuManager.cs
  artifactKey: Guid(278c85107a594014e8ef585d523ebe9a) Importer(815301076,1909f56bfc062723c751e8b465ee728b)
Start importing Assets/Scripts/MenuManager.cs using Guid(278c85107a594014e8ef585d523ebe9a) Importer(815301076,1909f56bfc062723c751e8b465ee728b)  -> (artifact id: '78425eb2b58600ae3af236b1a04be9fa') in 0.043055 seconds
  Import took 0.055879 seconds .

========================================================================
Received Import Request.
  Time since last request: 0.004708 seconds.
  path: Assets/Scripts/MenuManager.cs
  artifactKey: Guid(278c85107a594014e8ef585d523ebe9a) Importer(815301076,1909f56bfc062723c751e8b465ee728b)
Start importing Assets/Scripts/MenuManager.cs using Guid(278c85107a594014e8ef585d523ebe9a) Importer(815301076,1909f56bfc062723c751e8b465ee728b)  -> (artifact id: '78425eb2b58600ae3af236b1a04be9fa') in 0.019804 seconds
  Import took 0.035408 seconds .

========================================================================
Received Import Request.
  Time since last request: 313.001698 seconds.
  path: Assets/Scripts/MenuManager.cs
  artifactKey: Guid(278c85107a594014e8ef585d523ebe9a) Importer(815301076,1909f56bfc062723c751e8b465ee728b)
Start importing Assets/Scripts/MenuManager.cs using Guid(278c85107a594014e8ef585d523ebe9a) Importer(815301076,1909f56bfc062723c751e8b465ee728b)  -> (artifact id: 'b980c5e6dbae8486279c7d40a512ecee') in 0.021389 seconds
  Import took 0.099859 seconds .

========================================================================
Received Import Request.
  Time since last request: 797.234226 seconds.
  path: Assets/Scripts/MainMenuEmpty.anim
  artifactKey: Guid(d41e09238fb12414ab614e6d801093bc) Importer(815301076,1909f56bfc062723c751e8b465ee728b)
Start importing Assets/Scripts/MainMenuEmpty.anim using Guid(d41e09238fb12414ab614e6d801093bc) Importer(815301076,1909f56bfc062723c751e8b465ee728b)  -> (artifact id: '501f5ff07626c75d4183f2ebe402b794') in 0.059924 seconds
  Import took 0.075615 seconds .

========================================================================
Received Import Request.
  Time since last request: 0.001607 seconds.
  path: Assets/Scripts/MainMenuEmpty.anim
  artifactKey: Guid(d41e09238fb12414ab614e6d801093bc) Importer(815301076,1909f56bfc062723c751e8b465ee728b)
Start importing Assets/Scripts/MainMenuEmpty.anim using Guid(d41e09238fb12414ab614e6d801093bc) Importer(815301076,1909f56bfc062723c751e8b465ee728b)  -> (artifact id: '501f5ff07626c75d4183f2ebe402b794') in 0.021339 seconds
  Import took 0.030031 seconds .

========================================================================
Received Import Request.
  Time since last request: 8.403767 seconds.
  path: Assets/Animation/MainMenuEmpty.anim
  artifactKey: Guid(d41e09238fb12414ab614e6d801093bc) Importer(815301076,1909f56bfc062723c751e8b465ee728b)
Start importing Assets/Animation/MainMenuEmpty.anim using Guid(d41e09238fb12414ab614e6d801093bc) Importer(815301076,1909f56bfc062723c751e8b465ee728b)  -> (artifact id: '27976291f62c88aa8c27f25642d612db') in 0.023971 seconds
  Import took 0.033625 seconds .

========================================================================
Received Prepare
Registering precompiled user dll's ...
Registered in 0.009700 seconds.
Begin MonoManager ReloadAssembly
Native extension for WindowsStandalone target not found
Native extension for WebGL target not found
Refreshing native plugins compatible for Editor in 1.12 ms, found 3 plugins.
Preloading 0 native plugins for Editor in 0.00 ms.
Mono: successfully reloaded assembly
- Completed reload, in  2.106 seconds
Platform modules already initialized, skipping
Refreshing native plugins compatible for Editor in 0.73 ms, found 3 plugins.
Preloading 0 native plugins for Editor in 0.00 ms.
Unloading 2077 Unused Serialized files (Serialized files now loaded: 0)
System memory in use before: 93.3 MB.
System memory in use after: 93.2 MB.

Unloading 21 unused Assets to reduce memory usage. Loaded Objects now: 2533.
Total: 4.288400 ms (FindLiveObjects: 0.368300 ms CreateObjectMapping: 0.149700 ms MarkObjects: 3.572600 ms  DeleteObjects: 0.195500 ms)

========================================================================
Received Prepare
Registering precompiled user dll's ...
Registered in 0.008983 seconds.
Begin MonoManager ReloadAssembly
Native extension for WindowsStandalone target not found
Native extension for WebGL target not found
Refreshing native plugins compatible for Editor in 0.71 ms, found 3 plugins.
Preloading 0 native plugins for Editor in 0.00 ms.
Mono: successfully reloaded assembly
- Completed reload, in  2.057 seconds
Platform modules already initialized, skipping
Refreshing native plugins compatible for Editor in 0.75 ms, found 3 plugins.
Preloading 0 native plugins for Editor in 0.00 ms.
Unloading 2077 Unused Serialized files (Serialized files now loaded: 0)
System memory in use before: 93.3 MB.
System memory in use after: 93.3 MB.

Unloading 21 unused Assets to reduce memory usage. Loaded Objects now: 2537.
Total: 4.419000 ms (FindLiveObjects: 0.387500 ms CreateObjectMapping: 0.279900 ms MarkObjects: 3.567200 ms  DeleteObjects: 0.182100 ms)

========================================================================
Received Prepare
Registering precompiled user dll's ...
Registered in 0.015948 seconds.
Begin MonoManager ReloadAssembly
Native extension for WindowsStandalone target not found
Native extension for WebGL target not found
Refreshing native plugins compatible for Editor in 0.68 ms, found 3 plugins.
Preloading 0 native plugins for Editor in 0.00 ms.
Mono: successfully reloaded assembly
- Completed reload, in  2.168 seconds
Platform modules already initialized, skipping
Refreshing native plugins compatible for Editor in 0.75 ms, found 3 plugins.
Preloading 0 native plugins for Editor in 0.00 ms.
Unloading 2077 Unused Serialized files (Serialized files now loaded: 0)
System memory in use before: 93.3 MB.
System memory in use after: 93.3 MB.

Unloading 21 unused Assets to reduce memory usage. Loaded Objects now: 2541.
Total: 6.153600 ms (FindLiveObjects: 0.285700 ms CreateObjectMapping: 0.146700 ms MarkObjects: 5.312100 ms  DeleteObjects: 0.406000 ms)

========================================================================
Received Prepare
Registering precompiled user dll's ...
Registered in 0.014522 seconds.
Begin MonoManager ReloadAssembly
Native extension for WindowsStandalone target not found
Native extension for WebGL target not found
Refreshing native plugins compatible for Editor in 0.69 ms, found 3 plugins.
Preloading 0 native plugins for Editor in 0.00 ms.
Mono: successfully reloaded assembly
- Completed reload, in  2.035 seconds
Platform modules already initialized, skipping
Refreshing native plugins compatible for Editor in 0.73 ms, found 3 plugins.
Preloading 0 native plugins for Editor in 0.00 ms.
Unloading 2077 Unused Serialized files (Serialized files now loaded: 0)
System memory in use before: 93.3 MB.
System memory in use after: 93.3 MB.

Unloading 21 unused Assets to reduce memory usage. Loaded Objects now: 2545.
Total: 4.690200 ms (FindLiveObjects: 0.404800 ms CreateObjectMapping: 0.257900 ms MarkObjects: 3.825200 ms  DeleteObjects: 0.199800 ms)

========================================================================
Received Prepare
Registering precompiled user dll's ...
Registered in 0.012266 seconds.
Begin MonoManager ReloadAssembly
Native extension for WindowsStandalone target not found
Native extension for WebGL target not found
Refreshing native plugins compatible for Editor in 0.73 ms, found 3 plugins.
Preloading 0 native plugins for Editor in 0.00 ms.
Mono: successfully reloaded assembly
- Completed reload, in  2.054 seconds
Platform modules already initialized, skipping
Refreshing native plugins compatible for Editor in 0.93 ms, found 3 plugins.
Preloading 0 native plugins for Editor in 0.00 ms.
Unloading 2077 Unused Serialized files (Serialized files now loaded: 0)
System memory in use before: 93.3 MB.
System memory in use after: 93.3 MB.

Unloading 21 unused Assets to reduce memory usage. Loaded Objects now: 2549.
Total: 3.978100 ms (FindLiveObjects: 0.379900 ms CreateObjectMapping: 0.168800 ms MarkObjects: 3.235900 ms  DeleteObjects: 0.191200 ms)

========================================================================
Received Prepare
Registering precompiled user dll's ...
Registered in 0.010756 seconds.
Begin MonoManager ReloadAssembly
Native extension for WindowsStandalone target not found
Native extension for WebGL target not found
Refreshing native plugins compatible for Editor in 1.21 ms, found 3 plugins.
Preloading 0 native plugins for Editor in 0.00 ms.
Mono: successfully reloaded assembly
- Completed reload, in  2.463 seconds
Platform modules already initialized, skipping
Refreshing native plugins compatible for Editor in 1.30 ms, found 3 plugins.
Preloading 0 native plugins for Editor in 0.00 ms.
Unloading 2077 Unused Serialized files (Serialized files now loaded: 0)
System memory in use before: 93.3 MB.
System memory in use after: 93.3 MB.

Unloading 21 unused Assets to reduce memory usage. Loaded Objects now: 2553.
Total: 9.474900 ms (FindLiveObjects: 0.291100 ms CreateObjectMapping: 0.154600 ms MarkObjects: 8.768500 ms  DeleteObjects: 0.258200 ms)

========================================================================
Received Prepare
Registering precompiled user dll's ...
Registered in 0.012991 seconds.
Begin MonoManager ReloadAssembly
Native extension for WindowsStandalone target not found
Native extension for WebGL target not found
Refreshing native plugins compatible for Editor in 0.70 ms, found 3 plugins.
Preloading 0 native plugins for Editor in 0.00 ms.
Mono: successfully reloaded assembly
- Completed reload, in  2.417 seconds
Platform modules already initialized, skipping
Refreshing native plugins compatible for Editor in 0.73 ms, found 3 plugins.
Preloading 0 native plugins for Editor in 0.00 ms.
Unloading 2077 Unused Serialized files (Serialized files now loaded: 0)
System memory in use before: 93.3 MB.
System memory in use after: 93.3 MB.

Unloading 21 unused Assets to reduce memory usage. Loaded Objects now: 2557.
Total: 4.793100 ms (FindLiveObjects: 0.413200 ms CreateObjectMapping: 0.287100 ms MarkObjects: 3.907500 ms  DeleteObjects: 0.182400 ms)

========================================================================
Received Prepare
Registering precompiled user dll's ...
Registered in 0.011479 seconds.
Begin MonoManager ReloadAssembly
Native extension for WindowsStandalone target not found
Native extension for WebGL target not found
Refreshing native plugins compatible for Editor in 0.73 ms, found 3 plugins.
Preloading 0 native plugins for Editor in 0.00 ms.
Mono: successfully reloaded assembly
- Completed reload, in  2.297 seconds
Platform modules already initialized, skipping
Refreshing native plugins compatible for Editor in 0.71 ms, found 3 plugins.
Preloading 0 native plugins for Editor in 0.00 ms.
Unloading 2077 Unused Serialized files (Serialized files now loaded: 0)
System memory in use before: 93.3 MB.
System memory in use after: 93.3 MB.

Unloading 21 unused Assets to reduce memory usage. Loaded Objects now: 2561.
Total: 4.255200 ms (FindLiveObjects: 0.460800 ms CreateObjectMapping: 0.190300 ms MarkObjects: 3.396500 ms  DeleteObjects: 0.205000 ms)

========================================================================
Received Prepare
Registering precompiled user dll's ...
Registered in 0.010656 seconds.
Begin MonoManager ReloadAssembly
Native extension for WindowsStandalone target not found
Native extension for WebGL target not found
Refreshing native plugins compatible for Editor in 0.75 ms, found 3 plugins.
Preloading 0 native plugins for Editor in 0.00 ms.
Mono: successfully reloaded assembly
- Completed reload, in  2.335 seconds
Platform modules already initialized, skipping
Refreshing native plugins compatible for Editor in 0.83 ms, found 3 plugins.
Preloading 0 native plugins for Editor in 0.00 ms.
Unloading 2077 Unused Serialized files (Serialized files now loaded: 0)
System memory in use before: 93.3 MB.
System memory in use after: 93.3 MB.

Unloading 21 unused Assets to reduce memory usage. Loaded Objects now: 2565.
Total: 3.875600 ms (FindLiveObjects: 0.301200 ms CreateObjectMapping: 0.146900 ms MarkObjects: 3.230400 ms  DeleteObjects: 0.195000 ms)

========================================================================
Received Prepare
Registering precompiled user dll's ...
Registered in 0.011868 seconds.
Begin MonoManager ReloadAssembly
Native extension for WindowsStandalone target not found
Native extension for WebGL target not found
Refreshing native plugins compatible for Editor in 0.78 ms, found 3 plugins.
Preloading 0 native plugins for Editor in 0.00 ms.
Mono: successfully reloaded assembly
- Completed reload, in  2.640 seconds
Platform modules already initialized, skipping
Refreshing native plugins compatible for Editor in 0.72 ms, found 3 plugins.
Preloading 0 native plugins for Editor in 0.00 ms.
Unloading 2077 Unused Serialized files (Serialized files now loaded: 0)
System memory in use before: 93.3 MB.
System memory in use after: 93.3 MB.

Unloading 21 unused Assets to reduce memory usage. Loaded Objects now: 2569.
Total: 5.121200 ms (FindLiveObjects: 0.438400 ms CreateObjectMapping: 0.317200 ms MarkObjects: 4.158400 ms  DeleteObjects: 0.204900 ms)

