Using pre-set license
Built from '2020.3/staging' branch; Version is '2020.3.11f1 (99c7afb366b3) revision 10078127'; Using compiler version '192528614'; Build Type 'Release'
OS: 'Windows 10 Pro; OS build 19042.1052; Version 2009; 64bit' Language: 'en' Physical Memory: 16281 MB
BatchMode: 1, IsHumanControllingUs: 0, StartBugReporterOnCrash: 0, Is64bit: 1, IsPro: 0

 COMMAND LINE ARGUMENTS:
C:\Program Files\Unity\Hub\Editor\2020.3.11f1\Editor\Unity.exe
-adb2
-batchMode
-noUpm
-name
AssetImportWorker0
-projectPath
C:/Users/User/source/repos/Unity/Unity Menu UI
-logFile
Logs/AssetImportWorker0.log
-srvPort
61811
Successfully changed project path to: C:/Users/User/source/repos/Unity/Unity Menu UI
C:/Users/User/source/repos/Unity/Unity Menu UI
Using Asset Import Pipeline V2.
Refreshing native plugins compatible for Editor in 59.80 ms, found 3 plugins.
Preloading 0 native plugins for Editor in 0.00 ms.
Initialize engine version: 2020.3.11f1 (99c7afb366b3)
[Subsystems] Discovering subsystems at path C:/Program Files/Unity/Hub/Editor/2020.3.11f1/Editor/Data/Resources/UnitySubsystems
[Subsystems] Discovering subsystems at path C:/Users/User/source/repos/Unity/Unity Menu UI/Assets
GfxDevice: creating device client; threaded=0
Direct3D:
    Version:  Direct3D 11.0 [level 11.1]
    Renderer: AMD Radeon HD 8750M (ID=0x6601)
    Vendor:   
    VRAM:     1004 MB
    Driver:   26.20.11024.4001
Initialize mono
Mono path[0] = 'C:/Program Files/Unity/Hub/Editor/2020.3.11f1/Editor/Data/Managed'
Mono path[1] = 'C:/Program Files/Unity/Hub/Editor/2020.3.11f1/Editor/Data/MonoBleedingEdge/lib/mono/unityjit'
Mono config path = 'C:/Program Files/Unity/Hub/Editor/2020.3.11f1/Editor/Data/MonoBleedingEdge/etc'
Using monoOptions --debugger-agent=transport=dt_socket,embedding=1,server=y,suspend=n,address=127.0.0.1:56300
Begin MonoManager ReloadAssembly
Registering precompiled unity dll's ...
Register platform support module: C:/Program Files/Unity/Hub/Editor/2020.3.11f1/Editor/Data/PlaybackEngines/WebGLSupport/UnityEditor.WebGL.Extensions.dll
Register platform support module: C:/Program Files/Unity/Hub/Editor/2020.3.11f1/Editor/Data/PlaybackEngines/WindowsStandaloneSupport/UnityEditor.WindowsStandalone.Extensions.dll
Registered in 0.003410 seconds.
Native extension for WindowsStandalone target not found
Native extension for WebGL target not found
Refreshing native plugins compatible for Editor in 56.43 ms, found 3 plugins.
Preloading 0 native plugins for Editor in 0.00 ms.
Mono: successfully reloaded assembly
- Completed reload, in  1.654 seconds
Platform modules already initialized, skipping
Registering precompiled user dll's ...
Registered in 0.005625 seconds.
Begin MonoManager ReloadAssembly
Native extension for WindowsStandalone target not found
Native extension for WebGL target not found
Refreshing native plugins compatible for Editor in 48.61 ms, found 3 plugins.
Preloading 0 native plugins for Editor in 0.00 ms.
Mono: successfully reloaded assembly
- Completed reload, in  1.483 seconds
Platform modules already initialized, skipping
========================================================================
Worker process is ready to serve import requests
Launched and connected shader compiler UnityShaderCompiler.exe after 0.06 seconds
Refreshing native plugins compatible for Editor in 0.66 ms, found 3 plugins.
Preloading 0 native plugins for Editor in 0.00 ms.
Unloading 2082 Unused Serialized files (Serialized files now loaded: 0)
System memory in use before: 93.1 MB.
System memory in use after: 93.0 MB.

Unloading 33 unused Assets to reduce memory usage. Loaded Objects now: 2517.
Total: 3.811500 ms (FindLiveObjects: 0.350200 ms CreateObjectMapping: 0.259100 ms MarkObjects: 3.025300 ms  DeleteObjects: 0.175400 ms)

========================================================================
Received Import Request.
  path: Assets/Animation/HighScoresEmpty.anim
  artifactKey: Guid(70a198c0ff5b26f4fb64478804c41970) Importer(815301076,1909f56bfc062723c751e8b465ee728b)
Start importing Assets/Animation/HighScoresEmpty.anim using Guid(70a198c0ff5b26f4fb64478804c41970) Importer(815301076,1909f56bfc062723c751e8b465ee728b)  -> (artifact id: '8d11446fe0d06b4f9a9bb3c7e1d9f659') in 0.071413 seconds
  Import took 0.078038 seconds .

========================================================================
Received Import Request.
  Time since last request: 2.922321 seconds.
  path: Assets/Animation/HighScoresOpen.anim
  artifactKey: Guid(0c8a4d5498c41a848bd40ade90415696) Importer(815301076,1909f56bfc062723c751e8b465ee728b)
Start importing Assets/Animation/HighScoresOpen.anim using Guid(0c8a4d5498c41a848bd40ade90415696) Importer(815301076,1909f56bfc062723c751e8b465ee728b)  -> (artifact id: '793555cd1c82d7bce3e2b42121bb38ec') in 0.014527 seconds
  Import took 0.022104 seconds .

========================================================================
Received Import Request.
  Time since last request: 7.760134 seconds.
  path: Assets/Animation/HighScoresOpen.anim
  artifactKey: Guid(0c8a4d5498c41a848bd40ade90415696) Importer(815301076,1909f56bfc062723c751e8b465ee728b)
Start importing Assets/Animation/HighScoresOpen.anim using Guid(0c8a4d5498c41a848bd40ade90415696) Importer(815301076,1909f56bfc062723c751e8b465ee728b)  -> (artifact id: '0b7423f789f5800bf47100147043c9b7') in 0.008106 seconds
  Import took 0.015221 seconds .

========================================================================
Received Import Request.
  Time since last request: 951.592996 seconds.
  path: Assets/Assets/HighScores.controller
  artifactKey: Guid(e2e5c34d9a692c943bb106fd07b8d89d) Importer(815301076,1909f56bfc062723c751e8b465ee728b)
Start importing Assets/Assets/HighScores.controller using Guid(e2e5c34d9a692c943bb106fd07b8d89d) Importer(815301076,1909f56bfc062723c751e8b465ee728b)  -> (artifact id: '2797a25988c61c0ec661338d4d7f6610') in 0.027006 seconds
  Import took 0.036036 seconds .

========================================================================
Received Import Request.
  Time since last request: 0.000984 seconds.
  path: Assets/Assets/HighScores.controller
  artifactKey: Guid(e2e5c34d9a692c943bb106fd07b8d89d) Importer(815301076,1909f56bfc062723c751e8b465ee728b)
Start importing Assets/Assets/HighScores.controller using Guid(e2e5c34d9a692c943bb106fd07b8d89d) Importer(815301076,1909f56bfc062723c751e8b465ee728b)  -> (artifact id: '2797a25988c61c0ec661338d4d7f6610') in 0.009410 seconds
  Import took 0.016085 seconds .

========================================================================
Received Prepare
Registering precompiled user dll's ...
Registered in 0.008696 seconds.
Begin MonoManager ReloadAssembly
Native extension for WindowsStandalone target not found
Native extension for WebGL target not found
Refreshing native plugins compatible for Editor in 0.70 ms, found 3 plugins.
Preloading 0 native plugins for Editor in 0.00 ms.
Mono: successfully reloaded assembly
- Completed reload, in  1.261 seconds
Platform modules already initialized, skipping
Refreshing native plugins compatible for Editor in 0.72 ms, found 3 plugins.
Preloading 0 native plugins for Editor in 0.00 ms.
Unloading 2077 Unused Serialized files (Serialized files now loaded: 0)
System memory in use before: 93.1 MB.
System memory in use after: 93.0 MB.

Unloading 21 unused Assets to reduce memory usage. Loaded Objects now: 2521.
Total: 3.962600 ms (FindLiveObjects: 0.336300 ms CreateObjectMapping: 0.242500 ms MarkObjects: 3.243200 ms  DeleteObjects: 0.138600 ms)

========================================================================
Received Prepare
Registering precompiled user dll's ...
Registered in 0.005313 seconds.
Begin MonoManager ReloadAssembly
Native extension for WindowsStandalone target not found
Native extension for WebGL target not found
Refreshing native plugins compatible for Editor in 0.58 ms, found 3 plugins.
Preloading 0 native plugins for Editor in 0.00 ms.
Mono: successfully reloaded assembly
- Completed reload, in  1.352 seconds
Platform modules already initialized, skipping
Refreshing native plugins compatible for Editor in 0.75 ms, found 3 plugins.
Preloading 0 native plugins for Editor in 0.00 ms.
Unloading 2077 Unused Serialized files (Serialized files now loaded: 0)
System memory in use before: 93.1 MB.
System memory in use after: 93.1 MB.

Unloading 21 unused Assets to reduce memory usage. Loaded Objects now: 2525.
Total: 3.252500 ms (FindLiveObjects: 0.620200 ms CreateObjectMapping: 0.151800 ms MarkObjects: 2.335100 ms  DeleteObjects: 0.143600 ms)

========================================================================
Received Prepare
Registering precompiled user dll's ...
Registered in 0.005598 seconds.
Begin MonoManager ReloadAssembly
Native extension for WindowsStandalone target not found
Native extension for WebGL target not found
Refreshing native plugins compatible for Editor in 0.54 ms, found 3 plugins.
Preloading 0 native plugins for Editor in 0.00 ms.
Mono: successfully reloaded assembly
- Completed reload, in  1.381 seconds
Platform modules already initialized, skipping
Refreshing native plugins compatible for Editor in 0.79 ms, found 3 plugins.
Preloading 0 native plugins for Editor in 0.00 ms.
Unloading 2077 Unused Serialized files (Serialized files now loaded: 0)
System memory in use before: 93.1 MB.
System memory in use after: 93.1 MB.

Unloading 21 unused Assets to reduce memory usage. Loaded Objects now: 2529.
Total: 3.182200 ms (FindLiveObjects: 0.244800 ms CreateObjectMapping: 0.096500 ms MarkObjects: 2.689200 ms  DeleteObjects: 0.149600 ms)

========================================================================
Received Prepare
Registering precompiled user dll's ...
Registered in 0.006067 seconds.
Begin MonoManager ReloadAssembly
Native extension for WindowsStandalone target not found
Native extension for WebGL target not found
Refreshing native plugins compatible for Editor in 0.53 ms, found 3 plugins.
Preloading 0 native plugins for Editor in 0.00 ms.
Mono: successfully reloaded assembly
- Completed reload, in  1.327 seconds
Platform modules already initialized, skipping
Refreshing native plugins compatible for Editor in 0.92 ms, found 3 plugins.
Preloading 0 native plugins for Editor in 0.00 ms.
Unloading 2077 Unused Serialized files (Serialized files now loaded: 0)
System memory in use before: 93.2 MB.
System memory in use after: 93.2 MB.

Unloading 21 unused Assets to reduce memory usage. Loaded Objects now: 2533.
Total: 3.982300 ms (FindLiveObjects: 0.388200 ms CreateObjectMapping: 0.239600 ms MarkObjects: 3.207900 ms  DeleteObjects: 0.145300 ms)

AssetImportWorkerClient::OnTransportError - code=2 error=End of file
